# JRE version: OpenJDK Runtime Environment (8.0_111-b15) (build 1.8.0_111-3-redhat-b15)
# Java VM: OpenJDK 64-Bit Server VM (25.111-b15 mixed mode windows-amd64 compressed oops)
Heap:
 PSYoungGen      total 604672K, used 16401K [0x0000000715580000, 0x000000073f900000, 0x00000007c0000000)
  eden space 523776K, 3% used [0x0000000715580000,0x0000000716584678,0x0000000735500000)
  from space 80896K, 0% used [0x000000073aa00000,0x000000073aa00000,0x000000073f900000)
  to   space 83968K, 0% used [0x0000000735500000,0x0000000735500000,0x000000073a700000)
 ParOldGen       total 918016K, used 567667K [0x00000005c0000000, 0x00000005f8080000, 0x0000000715580000)
  object space 918016K, 61% used [0x00000005c0000000,0x00000005e2a5ce58,0x00000005f8080000)
 Metaspace       used 38961K, capacity 39408K, committed 39724K, reserved 1085440K
  class space    used 2650K, capacity 2838K, committed 2944K, reserved 1048576K
GC Heap History (10 events):
Event: 24.302 GC heap before
{Heap before GC invocations=44 (full 6):
 PSYoungGen      total 594944K, used 35272K [0x0000000715580000, 0x000000073f600000, 0x00000007c0000000)
  eden space 512512K, 0% used [0x0000000715580000,0x0000000715580000,0x0000000734a00000)
  from space 82432K, 42% used [0x000000073a580000,0x000000073c7f2248,0x000000073f600000)
  to   space 88064K, 0% used [0x0000000734a00000,0x0000000734a00000,0x000000073a000000)
 ParOldGen       total 772096K, used 544490K [0x00000005c0000000, 0x00000005ef200000, 0x0000000715580000)
  object space 772096K, 70% used [0x00000005c0000000,0x00000005e13ba810,0x00000005ef200000)
 Metaspace       used 23315K, capacity 23651K, committed 23680K, reserved 1071104K
  class space    used 1972K, capacity 2156K, committed 2176K, reserved 1048576K
Event: 24.423 GC heap after
Heap after GC invocations=44 (full 6):
 PSYoungGen      total 594944K, used 0K [0x0000000715580000, 0x000000073f600000, 0x00000007c0000000)
  eden space 512512K, 0% used [0x0000000715580000,0x0000000715580000,0x0000000734a00000)
  from space 82432K, 0% used [0x000000073a580000,0x000000073a580000,0x000000073f600000)
  to   space 88064K, 0% used [0x0000000734a00000,0x0000000734a00000,0x000000073a000000)
 ParOldGen       total 837632K, used 577079K [0x00000005c0000000, 0x00000005f3200000, 0x0000000715580000)
  object space 837632K, 68% used [0x00000005c0000000,0x00000005e338df78,0x00000005f3200000)
 Metaspace       used 23315K, capacity 23651K, committed 23680K, reserved 1071104K
  class space    used 1972K, capacity 2156K, committed 2176K, reserved 1048576K
}
Event: 26.330 GC heap before
{Heap before GC invocations=45 (full 6):
 PSYoungGen      total 594944K, used 28032K [0x0000000715580000, 0x000000073f600000, 0x00000007c0000000)
  eden space 512512K, 5% used [0x0000000715580000,0x00000007170e0320,0x0000000734a00000)
  from space 82432K, 0% used [0x000000073a580000,0x000000073a580000,0x000000073f600000)
  to   space 88064K, 0% used [0x0000000734a00000,0x0000000734a00000,0x000000073a000000)
 ParOldGen       total 837632K, used 577079K [0x00000005c0000000, 0x00000005f3200000, 0x0000000715580000)
  object space 837632K, 68% used [0x00000005c0000000,0x00000005e338df78,0x00000005f3200000)
 Metaspace       used 38852K, capacity 39220K, committed 39468K, reserved 1085440K
  class space    used 2646K, capacity 2830K, committed 2944K, reserved 1048576K
Event: 26.332 GC heap after
Heap after GC invocations=45 (full 6):
 PSYoungGen      total 600576K, used 416K [0x0000000715580000, 0x000000073fe00000, 0x00000007c0000000)
  eden space 512512K, 0% used [0x0000000715580000,0x0000000715580000,0x0000000734a00000)
  from space 88064K, 0% used [0x0000000734a00000,0x0000000734a68000,0x000000073a000000)
  to   space 86016K, 0% used [0x000000073aa00000,0x000000073aa00000,0x000000073fe00000)
 ParOldGen       total 837632K, used 577079K [0x00000005c0000000, 0x00000005f3200000, 0x0000000715580000)
  object space 837632K, 68% used [0x00000005c0000000,0x00000005e338df78,0x00000005f3200000)
 Metaspace       used 38852K, capacity 39220K, committed 39468K, reserved 1085440K
  class space    used 2646K, capacity 2830K, committed 2944K, reserved 1048576K
}
Event: 26.332 GC heap before
{Heap before GC invocations=46 (full 7):
 PSYoungGen      total 600576K, used 416K [0x0000000715580000, 0x000000073fe00000, 0x00000007c0000000)
  eden space 512512K, 0% used [0x0000000715580000,0x0000000715580000,0x0000000734a00000)
  from space 88064K, 0% used [0x0000000734a00000,0x0000000734a68000,0x000000073a000000)
  to   space 86016K, 0% used [0x000000073aa00000,0x000000073aa00000,0x000000073fe00000)
 ParOldGen       total 837632K, used 577079K [0x00000005c0000000, 0x00000005f3200000, 0x0000000715580000)
  object space 837632K, 68% used [0x00000005c0000000,0x00000005e338df78,0x00000005f3200000)
 Metaspace       used 38852K, capacity 39220K, committed 39468K, reserved 1085440K
  class space    used 2646K, capacity 2830K, committed 2944K, reserved 1048576K
Event: 26.410 GC heap after
Heap after GC invocations=46 (full 7):
 PSYoungGen      total 600576K, used 0K [0x0000000715580000, 0x000000073fe00000, 0x00000007c0000000)
  eden space 512512K, 0% used [0x0000000715580000,0x0000000715580000,0x0000000734a00000)
  from space 88064K, 0% used [0x0000000734a00000,0x0000000734a00000,0x000000073a000000)
  to   space 86016K, 0% used [0x000000073aa00000,0x000000073aa00000,0x000000073fe00000)
 ParOldGen       total 878592K, used 577250K [0x00000005c0000000, 0x00000005f5a00000, 0x0000000715580000)
  object space 878592K, 65% used [0x00000005c0000000,0x00000005e33b8848,0x00000005f5a00000)
 Metaspace       used 38852K, capacity 39220K, committed 39468K, reserved 1085440K
  class space    used 2646K, capacity 2830K, committed 2944K, reserved 1048576K
}
Event: 30.156 GC heap before
{Heap before GC invocations=47 (full 7):
 PSYoungGen      total 600576K, used 19535K [0x0000000715580000, 0x000000073fe00000, 0x00000007c0000000)
  eden space 512512K, 3% used [0x0000000715580000,0x0000000716893cf8,0x0000000734a00000)
  from space 88064K, 0% used [0x0000000734a00000,0x0000000734a00000,0x000000073a000000)
  to   space 86016K, 0% used [0x000000073aa00000,0x000000073aa00000,0x000000073fe00000)
 ParOldGen       total 878592K, used 577250K [0x00000005c0000000, 0x00000005f5a00000, 0x0000000715580000)
  object space 878592K, 65% used [0x00000005c0000000,0x00000005e33b8848,0x00000005f5a00000)
 Metaspace       used 38962K, capacity 39414K, committed 39724K, reserved 1085440K
  class space    used 2651K, capacity 2839K, committed 2944K, reserved 1048576K
Event: 30.158 GC heap after
Heap after GC invocations=47 (full 7):
 PSYoungGen      total 604672K, used 256K [0x0000000715580000, 0x000000073f900000, 0x00000007c0000000)
  eden space 523776K, 0% used [0x0000000715580000,0x0000000715580000,0x0000000735500000)
  from space 80896K, 0% used [0x000000073aa00000,0x000000073aa40000,0x000000073f900000)
  to   space 83968K, 0% used [0x0000000735500000,0x0000000735500000,0x000000073a700000)
 ParOldGen       total 878592K, used 577258K [0x00000005c0000000, 0x00000005f5a00000, 0x0000000715580000)
  object space 878592K, 65% used [0x00000005c0000000,0x00000005e33ba848,0x00000005f5a00000)
 Metaspace       used 38962K, capacity 39414K, committed 39724K, reserved 1085440K
  class space    used 2651K, capacity 2839K, committed 2944K, reserved 1048576K
}
Event: 30.158 GC heap before
{Heap before GC invocations=48 (full 8):
 PSYoungGen      total 604672K, used 256K [0x0000000715580000, 0x000000073f900000, 0x00000007c0000000)
  eden space 523776K, 0% used [0x0000000715580000,0x0000000715580000,0x0000000735500000)
  from space 80896K, 0% used [0x000000073aa00000,0x000000073aa40000,0x000000073f900000)
  to   space 83968K, 0% used [0x0000000735500000,0x0000000735500000,0x000000073a700000)
 ParOldGen       total 878592K, used 577258K [0x00000005c0000000, 0x00000005f5a00000, 0x0000000715580000)
  object space 878592K, 65% used [0x00000005c0000000,0x00000005e33ba848,0x00000005f5a00000)
 Metaspace       used 38962K, capacity 39414K, committed 39724K, reserved 1085440K
  class space    used 2651K, capacity 2839K, committed 2944K, reserved 1048576K
Event: 30.214 GC heap after
Heap after GC invocations=48 (full 8):
 PSYoungGen      total 604672K, used 0K [0x0000000715580000, 0x000000073f900000, 0x00000007c0000000)
  eden space 523776K, 0% used [0x0000000715580000,0x0000000715580000,0x0000000735500000)
  from space 80896K, 0% used [0x000000073aa00000,0x000000073aa00000,0x000000073f900000)
  to   space 83968K, 0% used [0x0000000735500000,0x0000000735500000,0x000000073a700000)
 ParOldGen       total 918016K, used 567667K [0x00000005c0000000, 0x00000005f8080000, 0x0000000715580000)
  object space 918016K, 61% used [0x00000005c0000000,0x00000005e2a5ce58,0x00000005f8080000)
 Metaspace       used 38961K, capacity 39408K, committed 39724K, reserved 1085440K
  class space    used 2650K, capacity 2838K, committed 2944K, reserved 1048576K
}

